
==============================================================================
Exhaustive feature matching
==============================================================================

Matching block [1/1, 1/1] in 0.006s
Elapsed time: 0.024 [minutes]

==============================================================================
Loading model
==============================================================================


==============================================================================
Loading database
==============================================================================

Loading cameras... 1 in 0.000s
Loading matches... 561 in 0.014s
Loading images... 34 in 0.013s (connected 34)
Building correspondence graph... in 0.066s (ignored 0)

Elapsed time: 0.002 [minutes]


==============================================================================
Triangulating image #1 (0)
==============================================================================

  => Image sees 0 / 5094 points
  => Triangulated 3980 points

==============================================================================
Triangulating image #2 (1)
==============================================================================

  => Image sees 2598 / 5954 points
  => Triangulated 1991 points

==============================================================================
Triangulating image #3 (2)
==============================================================================

  => Image sees 3459 / 6214 points
  => Triangulated 1587 points

==============================================================================
Triangulating image #4 (3)
==============================================================================

  => Image sees 3242 / 6509 points
  => Triangulated 1908 points

==============================================================================
Triangulating image #5 (4)
==============================================================================

  => Image sees 3839 / 6417 points
  => Triangulated 1392 points

==============================================================================
Triangulating image #6 (5)
==============================================================================

  => Image sees 3148 / 6020 points
  => Triangulated 1922 points

==============================================================================
Triangulating image #7 (6)
==============================================================================

  => Image sees 3334 / 6439 points
  => Triangulated 1779 points

==============================================================================
Triangulating image #8 (7)
==============================================================================

  => Image sees 3360 / 5777 points
  => Triangulated 1214 points

==============================================================================
Triangulating image #9 (8)
==============================================================================

  => Image sees 3137 / 6018 points
  => Triangulated 1359 points

==============================================================================
Triangulating image #10 (9)
==============================================================================

  => Image sees 3785 / 6333 points
  => Triangulated 1110 points

==============================================================================
Triangulating image #11 (10)
==============================================================================

  => Image sees 4316 / 6341 points
  => Triangulated 1017 points

==============================================================================
Triangulating image #12 (11)
==============================================================================

  => Image sees 4725 / 6618 points
  => Triangulated 988 points

==============================================================================
Triangulating image #13 (12)
==============================================================================

  => Image sees 4764 / 6747 points
  => Triangulated 1065 points

==============================================================================
Triangulating image #14 (13)
==============================================================================

  => Image sees 5053 / 6936 points
  => Triangulated 885 points

==============================================================================
Triangulating image #15 (14)
==============================================================================

  => Image sees 4833 / 6874 points
  => Triangulated 989 points

==============================================================================
Triangulating image #16 (15)
==============================================================================

  => Image sees 4337 / 6739 points
  => Triangulated 1186 points

==============================================================================
Triangulating image #17 (16)
==============================================================================

  => Image sees 3771 / 6335 points
  => Triangulated 1028 points

==============================================================================
Triangulating image #18 (17)
==============================================================================

  => Image sees 4318 / 6908 points
  => Triangulated 1033 points

==============================================================================
Triangulating image #19 (18)
==============================================================================

  => Image sees 4971 / 7182 points
  => Triangulated 945 points

==============================================================================
Triangulating image #20 (19)
==============================================================================

  => Image sees 4932 / 6904 points
  => Triangulated 1045 points

==============================================================================
Triangulating image #21 (20)
==============================================================================

  => Image sees 5386 / 7114 points
  => Triangulated 898 points

==============================================================================
Triangulating image #22 (21)
==============================================================================

  => Image sees 5379 / 7017 points
  => Triangulated 924 points

==============================================================================
Triangulating image #23 (22)
==============================================================================

  => Image sees 5053 / 6704 points
  => Triangulated 945 points

==============================================================================
Triangulating image #24 (23)
==============================================================================

  => Image sees 4360 / 7521 points
  => Triangulated 1121 points

==============================================================================
Triangulating image #25 (24)
==============================================================================

  => Image sees 4228 / 7141 points
  => Triangulated 908 points

==============================================================================
Triangulating image #26 (25)
==============================================================================

  => Image sees 3023 / 5380 points
  => Triangulated 1130 points

==============================================================================
Triangulating image #27 (26)
==============================================================================

  => Image sees 3620 / 5996 points
  => Triangulated 1057 points

==============================================================================
Triangulating image #28 (27)
==============================================================================

  => Image sees 4279 / 6377 points
  => Triangulated 1125 points

==============================================================================
Triangulating image #29 (28)
==============================================================================

  => Image sees 4740 / 6705 points
  => Triangulated 1040 points

==============================================================================
Triangulating image #30 (29)
==============================================================================

  => Image sees 4649 / 6558 points
  => Triangulated 1081 points

==============================================================================
Triangulating image #31 (30)
==============================================================================

  => Image sees 4637 / 6418 points
  => Triangulated 1010 points

==============================================================================
Triangulating image #32 (31)
==============================================================================

  => Image sees 4672 / 6688 points
  => Triangulated 1044 points

==============================================================================
Triangulating image #33 (32)
==============================================================================

  => Image sees 4352 / 6543 points
  => Triangulated 1089 points

==============================================================================
Triangulating image #34 (33)
==============================================================================

  => Image sees 3529 / 5277 points
  => Triangulated 860 points

==============================================================================
Retriangulation
==============================================================================

  => Completed observations: 463
  => Merged observations: 23793

==============================================================================
Bundle adjustment
==============================================================================

iter      cost      cost_change  |gradient|   |step|    tr_ratio  tr_radius  ls_iter  iter_time  total_time
   0  1.750677e+06    0.00e+00    2.01e+04   0.00e+00   0.00e+00  1.00e+04        0    4.43e-02    1.87e-01
   1  1.374564e+06    3.76e+05    3.95e+03   1.78e+02   9.87e-01  3.00e+04        0    5.73e-02    2.44e-01
   2  1.369066e+06    5.50e+03    4.73e+02   4.10e+01   9.88e-01  9.00e+04        0    5.26e-02    2.97e-01
   3  1.368988e+06    7.80e+01    1.64e+01   7.69e+00   1.00e+00  2.70e+05        0    5.58e-02    3.53e-01
   4  1.368988e+06    1.56e-01    1.53e-01   4.48e-01   1.00e+00  8.10e+05        0    5.68e-02    4.10e-01


Bundle adjustment report
------------------------
    Residuals : 367446
   Parameters : 82461
   Iterations : 5
         Time : 0.427503 [s]
 Initial cost : 2.18276 [px]
   Final cost : 1.9302 [px]
  Termination : Convergence

  => Completed observations: 114
  => Merged observations: 3236
  => Filtered observations: 45069
  => Changed observations: 0.263543

==============================================================================
Bundle adjustment
==============================================================================

iter      cost      cost_change  |gradient|   |step|    tr_ratio  tr_radius  ls_iter  iter_time  total_time
   0  3.229557e+05    0.00e+00    2.63e+03   0.00e+00   0.00e+00  1.00e+04        0    3.48e-02    1.75e-01
   1  2.761043e+05    4.69e+04    1.69e+01   8.74e+01   1.00e+00  3.00e+04        0    4.99e-02    2.25e-01
   2  2.759903e+05    1.14e+02    1.10e-01   1.41e+01   1.00e+00  9.00e+04        0    5.16e-02    2.77e-01


Bundle adjustment report
------------------------
    Residuals : 272964
   Parameters : 69987
   Iterations : 3
         Time : 0.286993 [s]
 Initial cost : 1.08772 [px]
   Final cost : 1.00553 [px]
  Termination : Convergence

  => Completed observations: 8414
  => Merged observations: 10662
  => Filtered observations: 1434
  => Changed observations: 0.150276

==============================================================================
Bundle adjustment
==============================================================================

iter      cost      cost_change  |gradient|   |step|    tr_ratio  tr_radius  ls_iter  iter_time  total_time
   0  3.027056e+05    0.00e+00    2.05e+03   0.00e+00   0.00e+00  1.00e+04        0    4.33e-02    1.92e-01
   1  2.871538e+05    1.56e+04    9.74e+00   3.57e+01   1.00e+00  3.00e+04        0    6.06e-02    2.52e-01
   2  2.871336e+05    2.02e+01    8.02e-02   5.22e+00   1.00e+00  9.00e+04        0    5.76e-02    3.10e-01


Bundle adjustment report
------------------------
    Residuals : 286714
   Parameters : 67209
   Iterations : 3
         Time : 0.320312 [s]
 Initial cost : 1.02751 [px]
   Final cost : 1.00073 [px]
  Termination : Convergence

  => Completed observations: 1587
  => Merged observations: 2459
  => Filtered observations: 880
  => Changed observations: 0.034362

==============================================================================
Bundle adjustment
==============================================================================

iter      cost      cost_change  |gradient|   |step|    tr_ratio  tr_radius  ls_iter  iter_time  total_time
   0  2.889124e+05    0.00e+00    2.20e+03   0.00e+00   0.00e+00  1.00e+04        0    4.25e-02    1.85e-01
   1  2.843882e+05    4.52e+03    5.70e+00   1.84e+01   1.00e+00  3.00e+04        0    5.98e-02    2.45e-01
   2  2.843821e+05    6.11e+00    4.39e-02   2.55e+00   1.00e+00  9.00e+04        0    5.23e-02    2.97e-01


Bundle adjustment report
------------------------
    Residuals : 288030
   Parameters : 66573
   Iterations : 3
         Time : 0.30894 [s]
 Initial cost : 1.00153 [px]
   Final cost : 0.993647 [px]
  Termination : Convergence

  => Completed observations: 648
  => Merged observations: 770
  => Filtered observations: 331
  => Changed observations: 0.012145

==============================================================================
Bundle adjustment
==============================================================================

iter      cost      cost_change  |gradient|   |step|    tr_ratio  tr_radius  ls_iter  iter_time  total_time
   0  2.848339e+05    0.00e+00    1.46e+03   0.00e+00   0.00e+00  1.00e+04        0    3.66e-02    2.16e-01
   1  2.833790e+05    1.45e+03    6.67e+00   8.89e+00   1.00e+00  3.00e+04        0    4.59e-02    2.62e-01
   2  2.833775e+05    1.48e+00    3.56e-02   1.00e+00   1.00e+00  9.00e+04        0    4.56e-02    3.08e-01


Bundle adjustment report
------------------------
    Residuals : 288654
   Parameters : 66384
   Iterations : 3
         Time : 0.320514 [s]
 Initial cost : 0.993361 [px]
   Final cost : 0.990818 [px]
  Termination : Convergence

  => Completed observations: 235
  => Merged observations: 312
  => Filtered observations: 128
  => Changed observations: 0.004677

==============================================================================
Extracting colors
==============================================================================

Could not read image IMG_2962.JPG at path images/IMG_2962.JPG.
Could not read image IMG_2964.JPG at path images/IMG_2964.JPG.
Could not read image IMG_2965.JPG at path images/IMG_2965.JPG.
Could not read image IMG_2966.JPG at path images/IMG_2966.JPG.
Could not read image IMG_2967.JPG at path images/IMG_2967.JPG.
Could not read image IMG_2968.JPG at path images/IMG_2968.JPG.
Could not read image IMG_2969.JPG at path images/IMG_2969.JPG.
Could not read image IMG_2970.JPG at path images/IMG_2970.JPG.
Could not read image IMG_2971.JPG at path images/IMG_2971.JPG.
Could not read image IMG_2972.JPG at path images/IMG_2972.JPG.
Could not read image IMG_2973.JPG at path images/IMG_2973.JPG.
Could not read image IMG_2974.JPG at path images/IMG_2974.JPG.
Could not read image IMG_2975.JPG at path images/IMG_2975.JPG.
Could not read image IMG_2976.JPG at path images/IMG_2976.JPG.
Could not read image IMG_2977.JPG at path images/IMG_2977.JPG.
Could not read image IMG_2978.JPG at path images/IMG_2978.JPG.
Could not read image IMG_2980.JPG at path images/IMG_2980.JPG.
Could not read image IMG_2981.JPG at path images/IMG_2981.JPG.
Could not read image IMG_2982.JPG at path images/IMG_2982.JPG.
Could not read image IMG_2983.JPG at path images/IMG_2983.JPG.
Could not read image IMG_2984.JPG at path images/IMG_2984.JPG.
Could not read image IMG_2985.JPG at path images/IMG_2985.JPG.
Could not read image IMG_2986.JPG at path images/IMG_2986.JPG.
Could not read image IMG_2987.JPG at path images/IMG_2987.JPG.
Could not read image IMG_2988.JPG at path images/IMG_2988.JPG.
Could not read image IMG_2989.JPG at path images/IMG_2989.JPG.
Could not read image IMG_2990.JPG at path images/IMG_2990.JPG.
Could not read image IMG_2991.JPG at path images/IMG_2991.JPG.
Could not read image IMG_2992.JPG at path images/IMG_2992.JPG.
Could not read image IMG_2993.JPG at path images/IMG_2993.JPG.
Could not read image IMG_2994.JPG at path images/IMG_2994.JPG.

==============================================================================
Reading reconstruction
==============================================================================

 => Reconstruction with 34 images and 22101 points

==============================================================================
Image undistortion
==============================================================================

Undistorting image [1/34]
Undistorting image [2/34]
Undistorting image [3/34]
Undistorting image [4/34]
Undistorting image [5/34]
Undistorting image [6/34]
Undistorting image [7/34]
Undistorting image [8/34]
Undistorting image [9/34]
Undistorting image [10/34]
Undistorting image [11/34]
Undistorting image [12/34]
Undistorting image [13/34]
Undistorting image [14/34]
Undistorting image [15/34]
Undistorting image [16/34]
Undistorting image [17/34]
Undistorting image [18/34]
Undistorting image [19/34]
Undistorting image [20/34]
Undistorting image [21/34]
Undistorting image [22/34]
Undistorting image [23/34]
Undistorting image [24/34]
Undistorting image [25/34]
Undistorting image [26/34]
Undistorting image [27/34]
Undistorting image [28/34]
Undistorting image [29/34]
Undistorting image [30/34]
Undistorting image [31/34]
Undistorting image [32/34]
Undistorting image [33/34]
Undistorting image [34/34]
Writing reconstruction...
Writing configuration...
Writing scripts...
Elapsed time: 0.034 [minutes]
Reading workspace...
Reading configuration...
Configuration has 3 problems...

==============================================================================
Processing view 1 / 3 for IMG_2979.JPG
==============================================================================

Reading inputs...
ERROR: Missing image or map dependency for image 17: IMG_2990.JPG

StereoFusion::Options
---------------------
mask_path: 
max_image_size: -1
min_num_pixels: 5
max_num_pixels: 10000
max_traversal_depth: 100
max_reproj_error: 2
max_depth_error: 0.01
max_normal_error: 10
check_num_images: 50
use_cache: 0
cache_size: 32
bbox_min: -3.40282e+38 -3.40282e+38 -3.40282e+38
bbox_max: 3.40282e+38 3.40282e+38 3.40282e+38

Reading workspace...
Loading workspace data with 128 threads...
WARNING: Ignoring image IMG_2979.JPG, because input does not exist.
WARNING: Ignoring image IMG_2963.JPG, because input does not exist.
WARNING: Ignoring image IMG_2995.JPG, because input does not exist.
Elapsed time: 0.000 [minutes]
Reading configuration...
WARNING: Ignoring image IMG_2979.JPG, because input does not exist.
WARNING: Ignoring image IMG_2963.JPG, because input does not exist.
WARNING: Ignoring image IMG_2995.JPG, because input does not exist.
Starting fusion with 128 threads
Fusing image [1/34] with index 0 in 0.000s (0 points)
WARNING: Could not fuse any points. This is likely caused by incorrect settings - filtering must be enabled for the last call to patch match stereo.
Number of fused points: 0
Elapsed time: 0.003 [minutes]
Writing output: dense/fused.ply
IMG_2963.JPG
IMG_2979.JPG
IMG_2995.JPG
__feature_extractor__
__exhaustive_matcher__
['IMG_2962.JPG', 'IMG_2963.JPG', 'IMG_2964.JPG', 'IMG_2965.JPG', 'IMG_2966.JPG', 'IMG_2967.JPG', 'IMG_2968.JPG', 'IMG_2969.JPG', 'IMG_2970.JPG', 'IMG_2971.JPG', 'IMG_2972.JPG', 'IMG_2973.JPG', 'IMG_2974.JPG', 'IMG_2975.JPG', 'IMG_2976.JPG', 'IMG_2977.JPG', 'IMG_2978.JPG', 'IMG_2979.JPG', 'IMG_2980.JPG', 'IMG_2981.JPG', 'IMG_2982.JPG', 'IMG_2983.JPG', 'IMG_2984.JPG', 'IMG_2985.JPG', 'IMG_2986.JPG', 'IMG_2987.JPG', 'IMG_2988.JPG', 'IMG_2989.JPG', 'IMG_2990.JPG', 'IMG_2991.JPG', 'IMG_2992.JPG', 'IMG_2993.JPG', 'IMG_2994.JPG', 'IMG_2995.JPG'] 
==============================================================================
Feature extraction
==============================================================================

Processed file [1/3]
  Name:            IMG_2963.JPG
  SKIP: Features for image already extracted.
Processed file [2/3]
  Name:            IMG_2979.JPG
  SKIP: Features for image already extracted.
Processed file [3/3]
  Name:            IMG_2995.JPG
  SKIP: Features for image already extracted.
Elapsed time: 0.000 [minutes]

IMG_2962.JPG
IMG_2963.JPG
IMG_2964.JPG
IMG_2965.JPG
IMG_2966.JPG
IMG_2967.JPG
IMG_2968.JPG
IMG_2969.JPG
IMG_2970.JPG
IMG_2971.JPG
IMG_2972.JPG
IMG_2973.JPG
IMG_2974.JPG
IMG_2975.JPG
IMG_2976.JPG
IMG_2977.JPG
IMG_2978.JPG
IMG_2979.JPG
IMG_2980.JPG
IMG_2981.JPG
IMG_2982.JPG
IMG_2983.JPG
IMG_2984.JPG
IMG_2985.JPG
IMG_2986.JPG
IMG_2987.JPG
IMG_2988.JPG
IMG_2989.JPG
IMG_2990.JPG
IMG_2991.JPG
IMG_2992.JPG
IMG_2993.JPG
IMG_2994.JPG
IMG_2995.JPG
__point_triangulator__
__model_converter__
__image_undistorter__
__patch_match_stereo__
__stereo_fusion__
